2014/01/07 18:05:52 [error] [exception.CException] exception 'CException' with message 'Property "CWebApplication.boostrap" is not defined.' in /Applications/XAMPP/xamppfiles/htdocs/anne-fashion.vn/framework/base/CComponent.php:130
Stack trace:
#0 /Applications/XAMPP/xamppfiles/htdocs/anne-fashion.vn/framework/base/CModule.php(105): CComponent->__get('boostrap')
#1 /Applications/XAMPP/xamppfiles/htdocs/anne-fashion.vn/protected/views/layouts/main.php(8): CModule->__get('boostrap')
#2 /Applications/XAMPP/xamppfiles/htdocs/anne-fashion.vn/framework/web/CBaseController.php(126): require('/Applications/X...')
#3 /Applications/XAMPP/xamppfiles/htdocs/anne-fashion.vn/framework/web/CBaseController.php(95): CBaseController->renderInternal('/Applications/X...', Array, true)
#4 /Applications/XAMPP/xamppfiles/htdocs/anne-fashion.vn/framework/web/widgets/CContentDecorator.php(76): CBaseController->renderFile('/Applications/X...', Array, true)
#5 /Applications/XAMPP/xamppfiles/htdocs/anne-fashion.vn/framework/web/widgets/CContentDecorator.php(54): CContentDecorator->decorate('<div id="conten...')
#6 /Applications/XAMPP/xamppfiles/htdocs/anne-fashion.vn/framework/web/widgets/COutputProcessor.php(44): CContentDecorator->processOutput('<div id="conten...')
#7 /Applications/XAMPP/xamppfiles/htdocs/anne-fashion.vn/framework/web/CBaseController.php(206): COutputProcessor->run()
#8 /Applications/XAMPP/xamppfiles/htdocs/anne-fashion.vn/framework/web/CBaseController.php(300): CBaseController->endWidget('CContentDecorat...')
#9 /Applications/XAMPP/xamppfiles/htdocs/anne-fashion.vn/protected/views/layouts/column1.php(6): CBaseController->endContent()
#10 /Applications/XAMPP/xamppfiles/htdocs/anne-fashion.vn/framework/web/CBaseController.php(126): require('/Applications/X...')
#11 /Applications/XAMPP/xamppfiles/htdocs/anne-fashion.vn/framework/web/CBaseController.php(95): CBaseController->renderInternal('/Applications/X...', Array, true)
#12 /Applications/XAMPP/xamppfiles/htdocs/anne-fashion.vn/framework/web/CController.php(784): CBaseController->renderFile('/Applications/X...', Array, true)
#13 /Applications/XAMPP/xamppfiles/htdocs/anne-fashion.vn/protected/controllers/SiteController.php(98): CController->render('login', Array)
#14 /Applications/XAMPP/xamppfiles/htdocs/anne-fashion.vn/framework/web/actions/CInlineAction.php(49): SiteController->actionLogin()
#15 /Applications/XAMPP/xamppfiles/htdocs/anne-fashion.vn/framework/web/CController.php(308): CInlineAction->runWithParams(Array)
#16 /Applications/XAMPP/xamppfiles/htdocs/anne-fashion.vn/framework/web/CController.php(286): CController->runAction(Object(CInlineAction))
#17 /Applications/XAMPP/xamppfiles/htdocs/anne-fashion.vn/framework/web/CController.php(265): CController->runActionWithFilters(Object(CInlineAction), Array)
#18 /Applications/XAMPP/xamppfiles/htdocs/anne-fashion.vn/framework/web/CWebApplication.php(282): CController->run('login')
#19 /Applications/XAMPP/xamppfiles/htdocs/anne-fashion.vn/framework/web/CWebApplication.php(141): CWebApplication->runController('site/login')
#20 /Applications/XAMPP/xamppfiles/htdocs/anne-fashion.vn/framework/base/CApplication.php(180): CWebApplication->processRequest()
#21 /Applications/XAMPP/xamppfiles/htdocs/anne-fashion.vn/index.php(13): CApplication->run()
#22 {main}
REQUEST_URI=/anne-fashion.vn/index.php?r=site/login
HTTP_REFERER=http://localhost/anne-fashion.vn/
---
2014/01/07 18:06:07 [error] [exception.CException] exception 'CException' with message 'Alias "bootstrap.components.Bootstrap" is invalid. Make sure it points to an existing PHP file and the file is readable.' in /Applications/XAMPP/xamppfiles/htdocs/anne-fashion.vn/framework/YiiBase.php:322
Stack trace:
#0 /Applications/XAMPP/xamppfiles/htdocs/anne-fashion.vn/framework/YiiBase.php(196): YiiBase::import('bootstrap.compo...', true)
#1 /Applications/XAMPP/xamppfiles/htdocs/anne-fashion.vn/framework/base/CModule.php(386): YiiBase::createComponent(Array)
#2 /Applications/XAMPP/xamppfiles/htdocs/anne-fashion.vn/framework/base/CModule.php(103): CModule->getComponent('bootstrap')
#3 /Applications/XAMPP/xamppfiles/htdocs/anne-fashion.vn/protected/views/layouts/main.php(8): CModule->__get('bootstrap')
#4 /Applications/XAMPP/xamppfiles/htdocs/anne-fashion.vn/framework/web/CBaseController.php(126): require('/Applications/X...')
#5 /Applications/XAMPP/xamppfiles/htdocs/anne-fashion.vn/framework/web/CBaseController.php(95): CBaseController->renderInternal('/Applications/X...', Array, true)
#6 /Applications/XAMPP/xamppfiles/htdocs/anne-fashion.vn/framework/web/widgets/CContentDecorator.php(76): CBaseController->renderFile('/Applications/X...', Array, true)
#7 /Applications/XAMPP/xamppfiles/htdocs/anne-fashion.vn/framework/web/widgets/CContentDecorator.php(54): CContentDecorator->decorate('<div id="conten...')
#8 /Applications/XAMPP/xamppfiles/htdocs/anne-fashion.vn/framework/web/widgets/COutputProcessor.php(44): CContentDecorator->processOutput('<div id="conten...')
#9 /Applications/XAMPP/xamppfiles/htdocs/anne-fashion.vn/framework/web/CBaseController.php(206): COutputProcessor->run()
#10 /Applications/XAMPP/xamppfiles/htdocs/anne-fashion.vn/framework/web/CBaseController.php(300): CBaseController->endWidget('CContentDecorat...')
#11 /Applications/XAMPP/xamppfiles/htdocs/anne-fashion.vn/protected/views/layouts/column1.php(6): CBaseController->endContent()
#12 /Applications/XAMPP/xamppfiles/htdocs/anne-fashion.vn/framework/web/CBaseController.php(126): require('/Applications/X...')
#13 /Applications/XAMPP/xamppfiles/htdocs/anne-fashion.vn/framework/web/CBaseController.php(95): CBaseController->renderInternal('/Applications/X...', Array, true)
#14 /Applications/XAMPP/xamppfiles/htdocs/anne-fashion.vn/framework/web/CController.php(784): CBaseController->renderFile('/Applications/X...', Array, true)
#15 /Applications/XAMPP/xamppfiles/htdocs/anne-fashion.vn/protected/controllers/SiteController.php(98): CController->render('login', Array)
#16 /Applications/XAMPP/xamppfiles/htdocs/anne-fashion.vn/framework/web/actions/CInlineAction.php(49): SiteController->actionLogin()
#17 /Applications/XAMPP/xamppfiles/htdocs/anne-fashion.vn/framework/web/CController.php(308): CInlineAction->runWithParams(Array)
#18 /Applications/XAMPP/xamppfiles/htdocs/anne-fashion.vn/framework/web/CController.php(286): CController->runAction(Object(CInlineAction))
#19 /Applications/XAMPP/xamppfiles/htdocs/anne-fashion.vn/framework/web/CController.php(265): CController->runActionWithFilters(Object(CInlineAction), Array)
#20 /Applications/XAMPP/xamppfiles/htdocs/anne-fashion.vn/framework/web/CWebApplication.php(282): CController->run('login')
#21 /Applications/XAMPP/xamppfiles/htdocs/anne-fashion.vn/framework/web/CWebApplication.php(141): CWebApplication->runController('site/login')
#22 /Applications/XAMPP/xamppfiles/htdocs/anne-fashion.vn/framework/base/CApplication.php(180): CWebApplication->processRequest()
#23 /Applications/XAMPP/xamppfiles/htdocs/anne-fashion.vn/index.php(13): CApplication->run()
#24 {main}
REQUEST_URI=/anne-fashion.vn/index.php?r=site/login
HTTP_REFERER=http://localhost/anne-fashion.vn/
---
2014/01/07 18:06:37 [error] [exception.CException] exception 'CException' with message 'Alias "bootstrap.components.Bootstrap" is invalid. Make sure it points to an existing PHP file and the file is readable.' in /Applications/XAMPP/xamppfiles/htdocs/anne-fashion.vn/framework/YiiBase.php:322
Stack trace:
#0 /Applications/XAMPP/xamppfiles/htdocs/anne-fashion.vn/framework/YiiBase.php(196): YiiBase::import('bootstrap.compo...', true)
#1 /Applications/XAMPP/xamppfiles/htdocs/anne-fashion.vn/framework/base/CModule.php(386): YiiBase::createComponent(Array)
#2 /Applications/XAMPP/xamppfiles/htdocs/anne-fashion.vn/framework/base/CModule.php(103): CModule->getComponent('bootstrap')
#3 /Applications/XAMPP/xamppfiles/htdocs/anne-fashion.vn/protected/views/layouts/main.php(8): CModule->__get('bootstrap')
#4 /Applications/XAMPP/xamppfiles/htdocs/anne-fashion.vn/framework/web/CBaseController.php(126): require('/Applications/X...')
#5 /Applications/XAMPP/xamppfiles/htdocs/anne-fashion.vn/framework/web/CBaseController.php(95): CBaseController->renderInternal('/Applications/X...', Array, true)
#6 /Applications/XAMPP/xamppfiles/htdocs/anne-fashion.vn/framework/web/widgets/CContentDecorator.php(76): CBaseController->renderFile('/Applications/X...', Array, true)
#7 /Applications/XAMPP/xamppfiles/htdocs/anne-fashion.vn/framework/web/widgets/CContentDecorator.php(54): CContentDecorator->decorate('<div id="conten...')
#8 /Applications/XAMPP/xamppfiles/htdocs/anne-fashion.vn/framework/web/widgets/COutputProcessor.php(44): CContentDecorator->processOutput('<div id="conten...')
#9 /Applications/XAMPP/xamppfiles/htdocs/anne-fashion.vn/framework/web/CBaseController.php(206): COutputProcessor->run()
#10 /Applications/XAMPP/xamppfiles/htdocs/anne-fashion.vn/framework/web/CBaseController.php(300): CBaseController->endWidget('CContentDecorat...')
#11 /Applications/XAMPP/xamppfiles/htdocs/anne-fashion.vn/protected/views/layouts/column1.php(6): CBaseController->endContent()
#12 /Applications/XAMPP/xamppfiles/htdocs/anne-fashion.vn/framework/web/CBaseController.php(126): require('/Applications/X...')
#13 /Applications/XAMPP/xamppfiles/htdocs/anne-fashion.vn/framework/web/CBaseController.php(95): CBaseController->renderInternal('/Applications/X...', Array, true)
#14 /Applications/XAMPP/xamppfiles/htdocs/anne-fashion.vn/framework/web/CController.php(784): CBaseController->renderFile('/Applications/X...', Array, true)
#15 /Applications/XAMPP/xamppfiles/htdocs/anne-fashion.vn/protected/controllers/SiteController.php(98): CController->render('login', Array)
#16 /Applications/XAMPP/xamppfiles/htdocs/anne-fashion.vn/framework/web/actions/CInlineAction.php(49): SiteController->actionLogin()
#17 /Applications/XAMPP/xamppfiles/htdocs/anne-fashion.vn/framework/web/CController.php(308): CInlineAction->runWithParams(Array)
#18 /Applications/XAMPP/xamppfiles/htdocs/anne-fashion.vn/framework/web/CController.php(286): CController->runAction(Object(CInlineAction))
#19 /Applications/XAMPP/xamppfiles/htdocs/anne-fashion.vn/framework/web/CController.php(265): CController->runActionWithFilters(Object(CInlineAction), Array)
#20 /Applications/XAMPP/xamppfiles/htdocs/anne-fashion.vn/framework/web/CWebApplication.php(282): CController->run('login')
#21 /Applications/XAMPP/xamppfiles/htdocs/anne-fashion.vn/framework/web/CWebApplication.php(141): CWebApplication->runController('site/login')
#22 /Applications/XAMPP/xamppfiles/htdocs/anne-fashion.vn/framework/base/CApplication.php(180): CWebApplication->processRequest()
#23 /Applications/XAMPP/xamppfiles/htdocs/anne-fashion.vn/index.php(13): CApplication->run()
#24 {main}
REQUEST_URI=/anne-fashion.vn/index.php?r=site/login
HTTP_REFERER=http://localhost/anne-fashion.vn/
---
2014/01/07 18:06:40 [error] [exception.CException] exception 'CException' with message 'Alias "bootstrap.components.Bootstrap" is invalid. Make sure it points to an existing PHP file and the file is readable.' in /Applications/XAMPP/xamppfiles/htdocs/anne-fashion.vn/framework/YiiBase.php:322
Stack trace:
#0 /Applications/XAMPP/xamppfiles/htdocs/anne-fashion.vn/framework/YiiBase.php(196): YiiBase::import('bootstrap.compo...', true)
#1 /Applications/XAMPP/xamppfiles/htdocs/anne-fashion.vn/framework/base/CModule.php(386): YiiBase::createComponent(Array)
#2 /Applications/XAMPP/xamppfiles/htdocs/anne-fashion.vn/framework/base/CModule.php(103): CModule->getComponent('bootstrap')
#3 /Applications/XAMPP/xamppfiles/htdocs/anne-fashion.vn/protected/views/layouts/main.php(8): CModule->__get('bootstrap')
#4 /Applications/XAMPP/xamppfiles/htdocs/anne-fashion.vn/framework/web/CBaseController.php(126): require('/Applications/X...')
#5 /Applications/XAMPP/xamppfiles/htdocs/anne-fashion.vn/framework/web/CBaseController.php(95): CBaseController->renderInternal('/Applications/X...', Array, true)
#6 /Applications/XAMPP/xamppfiles/htdocs/anne-fashion.vn/framework/web/widgets/CContentDecorator.php(76): CBaseController->renderFile('/Applications/X...', Array, true)
#7 /Applications/XAMPP/xamppfiles/htdocs/anne-fashion.vn/framework/web/widgets/CContentDecorator.php(54): CContentDecorator->decorate('<div id="conten...')
#8 /Applications/XAMPP/xamppfiles/htdocs/anne-fashion.vn/framework/web/widgets/COutputProcessor.php(44): CContentDecorator->processOutput('<div id="conten...')
#9 /Applications/XAMPP/xamppfiles/htdocs/anne-fashion.vn/framework/web/CBaseController.php(206): COutputProcessor->run()
#10 /Applications/XAMPP/xamppfiles/htdocs/anne-fashion.vn/framework/web/CBaseController.php(300): CBaseController->endWidget('CContentDecorat...')
#11 /Applications/XAMPP/xamppfiles/htdocs/anne-fashion.vn/protected/views/layouts/column1.php(6): CBaseController->endContent()
#12 /Applications/XAMPP/xamppfiles/htdocs/anne-fashion.vn/framework/web/CBaseController.php(126): require('/Applications/X...')
#13 /Applications/XAMPP/xamppfiles/htdocs/anne-fashion.vn/framework/web/CBaseController.php(95): CBaseController->renderInternal('/Applications/X...', Array, true)
#14 /Applications/XAMPP/xamppfiles/htdocs/anne-fashion.vn/framework/web/CController.php(784): CBaseController->renderFile('/Applications/X...', Array, true)
#15 /Applications/XAMPP/xamppfiles/htdocs/anne-fashion.vn/protected/controllers/SiteController.php(98): CController->render('login', Array)
#16 /Applications/XAMPP/xamppfiles/htdocs/anne-fashion.vn/framework/web/actions/CInlineAction.php(49): SiteController->actionLogin()
#17 /Applications/XAMPP/xamppfiles/htdocs/anne-fashion.vn/framework/web/CController.php(308): CInlineAction->runWithParams(Array)
#18 /Applications/XAMPP/xamppfiles/htdocs/anne-fashion.vn/framework/web/CController.php(286): CController->runAction(Object(CInlineAction))
#19 /Applications/XAMPP/xamppfiles/htdocs/anne-fashion.vn/framework/web/CController.php(265): CController->runActionWithFilters(Object(CInlineAction), Array)
#20 /Applications/XAMPP/xamppfiles/htdocs/anne-fashion.vn/framework/web/CWebApplication.php(282): CController->run('login')
#21 /Applications/XAMPP/xamppfiles/htdocs/anne-fashion.vn/framework/web/CWebApplication.php(141): CWebApplication->runController('site/login')
#22 /Applications/XAMPP/xamppfiles/htdocs/anne-fashion.vn/framework/base/CApplication.php(180): CWebApplication->processRequest()
#23 /Applications/XAMPP/xamppfiles/htdocs/anne-fashion.vn/index.php(13): CApplication->run()
#24 {main}
REQUEST_URI=/anne-fashion.vn/index.php?r=site/login
HTTP_REFERER=http://localhost/anne-fashion.vn/
---
2014/01/07 18:06:42 [error] [exception.CException] exception 'CException' with message 'Alias "bootstrap.components.Bootstrap" is invalid. Make sure it points to an existing PHP file and the file is readable.' in /Applications/XAMPP/xamppfiles/htdocs/anne-fashion.vn/framework/YiiBase.php:322
Stack trace:
#0 /Applications/XAMPP/xamppfiles/htdocs/anne-fashion.vn/framework/YiiBase.php(196): YiiBase::import('bootstrap.compo...', true)
#1 /Applications/XAMPP/xamppfiles/htdocs/anne-fashion.vn/framework/base/CModule.php(386): YiiBase::createComponent(Array)
#2 /Applications/XAMPP/xamppfiles/htdocs/anne-fashion.vn/framework/base/CModule.php(103): CModule->getComponent('bootstrap')
#3 /Applications/XAMPP/xamppfiles/htdocs/anne-fashion.vn/protected/views/layouts/main.php(8): CModule->__get('bootstrap')
#4 /Applications/XAMPP/xamppfiles/htdocs/anne-fashion.vn/framework/web/CBaseController.php(126): require('/Applications/X...')
#5 /Applications/XAMPP/xamppfiles/htdocs/anne-fashion.vn/framework/web/CBaseController.php(95): CBaseController->renderInternal('/Applications/X...', Array, true)
#6 /Applications/XAMPP/xamppfiles/htdocs/anne-fashion.vn/framework/web/widgets/CContentDecorator.php(76): CBaseController->renderFile('/Applications/X...', Array, true)
#7 /Applications/XAMPP/xamppfiles/htdocs/anne-fashion.vn/framework/web/widgets/CContentDecorator.php(54): CContentDecorator->decorate('<div id="conten...')
#8 /Applications/XAMPP/xamppfiles/htdocs/anne-fashion.vn/framework/web/widgets/COutputProcessor.php(44): CContentDecorator->processOutput('<div id="conten...')
#9 /Applications/XAMPP/xamppfiles/htdocs/anne-fashion.vn/framework/web/CBaseController.php(206): COutputProcessor->run()
#10 /Applications/XAMPP/xamppfiles/htdocs/anne-fashion.vn/framework/web/CBaseController.php(300): CBaseController->endWidget('CContentDecorat...')
#11 /Applications/XAMPP/xamppfiles/htdocs/anne-fashion.vn/protected/views/layouts/column1.php(6): CBaseController->endContent()
#12 /Applications/XAMPP/xamppfiles/htdocs/anne-fashion.vn/framework/web/CBaseController.php(126): require('/Applications/X...')
#13 /Applications/XAMPP/xamppfiles/htdocs/anne-fashion.vn/framework/web/CBaseController.php(95): CBaseController->renderInternal('/Applications/X...', Array, true)
#14 /Applications/XAMPP/xamppfiles/htdocs/anne-fashion.vn/framework/web/CController.php(784): CBaseController->renderFile('/Applications/X...', Array, true)
#15 /Applications/XAMPP/xamppfiles/htdocs/anne-fashion.vn/protected/controllers/SiteController.php(98): CController->render('login', Array)
#16 /Applications/XAMPP/xamppfiles/htdocs/anne-fashion.vn/framework/web/actions/CInlineAction.php(49): SiteController->actionLogin()
#17 /Applications/XAMPP/xamppfiles/htdocs/anne-fashion.vn/framework/web/CController.php(308): CInlineAction->runWithParams(Array)
#18 /Applications/XAMPP/xamppfiles/htdocs/anne-fashion.vn/framework/web/CController.php(286): CController->runAction(Object(CInlineAction))
#19 /Applications/XAMPP/xamppfiles/htdocs/anne-fashion.vn/framework/web/CController.php(265): CController->runActionWithFilters(Object(CInlineAction), Array)
#20 /Applications/XAMPP/xamppfiles/htdocs/anne-fashion.vn/framework/web/CWebApplication.php(282): CController->run('login')
#21 /Applications/XAMPP/xamppfiles/htdocs/anne-fashion.vn/framework/web/CWebApplication.php(141): CWebApplication->runController('site/login')
#22 /Applications/XAMPP/xamppfiles/htdocs/anne-fashion.vn/framework/base/CApplication.php(180): CWebApplication->processRequest()
#23 /Applications/XAMPP/xamppfiles/htdocs/anne-fashion.vn/index.php(13): CApplication->run()
#24 {main}
REQUEST_URI=/anne-fashion.vn/index.php?r=site/login
HTTP_REFERER=http://localhost/anne-fashion.vn/
---
2014/01/07 18:07:24 [error] [exception.CException] exception 'CException' with message 'Alias "bootstrap.components.Bootstrap" is invalid. Make sure it points to an existing PHP file and the file is readable.' in /Applications/XAMPP/xamppfiles/htdocs/anne-fashion.vn/framework/YiiBase.php:322
Stack trace:
#0 /Applications/XAMPP/xamppfiles/htdocs/anne-fashion.vn/framework/YiiBase.php(196): YiiBase::import('bootstrap.compo...', true)
#1 /Applications/XAMPP/xamppfiles/htdocs/anne-fashion.vn/framework/base/CModule.php(386): YiiBase::createComponent(Array)
#2 /Applications/XAMPP/xamppfiles/htdocs/anne-fashion.vn/framework/base/CModule.php(103): CModule->getComponent('bootstrap')
#3 /Applications/XAMPP/xamppfiles/htdocs/anne-fashion.vn/protected/views/layouts/main.php(8): CModule->__get('bootstrap')
#4 /Applications/XAMPP/xamppfiles/htdocs/anne-fashion.vn/framework/web/CBaseController.php(126): require('/Applications/X...')
#5 /Applications/XAMPP/xamppfiles/htdocs/anne-fashion.vn/framework/web/CBaseController.php(95): CBaseController->renderInternal('/Applications/X...', Array, true)
#6 /Applications/XAMPP/xamppfiles/htdocs/anne-fashion.vn/framework/web/widgets/CContentDecorator.php(76): CBaseController->renderFile('/Applications/X...', Array, true)
#7 /Applications/XAMPP/xamppfiles/htdocs/anne-fashion.vn/framework/web/widgets/CContentDecorator.php(54): CContentDecorator->decorate('<div id="conten...')
#8 /Applications/XAMPP/xamppfiles/htdocs/anne-fashion.vn/framework/web/widgets/COutputProcessor.php(44): CContentDecorator->processOutput('<div id="conten...')
#9 /Applications/XAMPP/xamppfiles/htdocs/anne-fashion.vn/framework/web/CBaseController.php(206): COutputProcessor->run()
#10 /Applications/XAMPP/xamppfiles/htdocs/anne-fashion.vn/framework/web/CBaseController.php(300): CBaseController->endWidget('CContentDecorat...')
#11 /Applications/XAMPP/xamppfiles/htdocs/anne-fashion.vn/protected/views/layouts/column1.php(6): CBaseController->endContent()
#12 /Applications/XAMPP/xamppfiles/htdocs/anne-fashion.vn/framework/web/CBaseController.php(126): require('/Applications/X...')
#13 /Applications/XAMPP/xamppfiles/htdocs/anne-fashion.vn/framework/web/CBaseController.php(95): CBaseController->renderInternal('/Applications/X...', Array, true)
#14 /Applications/XAMPP/xamppfiles/htdocs/anne-fashion.vn/framework/web/CController.php(784): CBaseController->renderFile('/Applications/X...', Array, true)
#15 /Applications/XAMPP/xamppfiles/htdocs/anne-fashion.vn/protected/controllers/SiteController.php(32): CController->render('index')
#16 /Applications/XAMPP/xamppfiles/htdocs/anne-fashion.vn/framework/web/actions/CInlineAction.php(49): SiteController->actionIndex()
#17 /Applications/XAMPP/xamppfiles/htdocs/anne-fashion.vn/framework/web/CController.php(308): CInlineAction->runWithParams(Array)
#18 /Applications/XAMPP/xamppfiles/htdocs/anne-fashion.vn/framework/web/CController.php(286): CController->runAction(Object(CInlineAction))
#19 /Applications/XAMPP/xamppfiles/htdocs/anne-fashion.vn/framework/web/CController.php(265): CController->runActionWithFilters(Object(CInlineAction), Array)
#20 /Applications/XAMPP/xamppfiles/htdocs/anne-fashion.vn/framework/web/CWebApplication.php(282): CController->run('')
#21 /Applications/XAMPP/xamppfiles/htdocs/anne-fashion.vn/framework/web/CWebApplication.php(141): CWebApplication->runController('')
#22 /Applications/XAMPP/xamppfiles/htdocs/anne-fashion.vn/framework/base/CApplication.php(180): CWebApplication->processRequest()
#23 /Applications/XAMPP/xamppfiles/htdocs/anne-fashion.vn/index.php(13): CApplication->run()
#24 {main}
REQUEST_URI=/anne-fashion.vn/
---
2014/01/07 18:07:35 [error] [exception.CException] exception 'CException' with message 'Alias "bootstrap.components.Bootstrap" is invalid. Make sure it points to an existing PHP file and the file is readable.' in /Applications/XAMPP/xamppfiles/htdocs/anne-fashion.vn/framework/YiiBase.php:322
Stack trace:
#0 /Applications/XAMPP/xamppfiles/htdocs/anne-fashion.vn/framework/YiiBase.php(196): YiiBase::import('bootstrap.compo...', true)
#1 /Applications/XAMPP/xamppfiles/htdocs/anne-fashion.vn/framework/base/CModule.php(386): YiiBase::createComponent(Array)
#2 /Applications/XAMPP/xamppfiles/htdocs/anne-fashion.vn/framework/base/CModule.php(103): CModule->getComponent('bootstrap')
#3 /Applications/XAMPP/xamppfiles/htdocs/anne-fashion.vn/protected/views/layouts/main.php(8): CModule->__get('bootstrap')
#4 /Applications/XAMPP/xamppfiles/htdocs/anne-fashion.vn/framework/web/CBaseController.php(126): require('/Applications/X...')
#5 /Applications/XAMPP/xamppfiles/htdocs/anne-fashion.vn/framework/web/CBaseController.php(95): CBaseController->renderInternal('/Applications/X...', Array, true)
#6 /Applications/XAMPP/xamppfiles/htdocs/anne-fashion.vn/framework/web/widgets/CContentDecorator.php(76): CBaseController->renderFile('/Applications/X...', Array, true)
#7 /Applications/XAMPP/xamppfiles/htdocs/anne-fashion.vn/framework/web/widgets/CContentDecorator.php(54): CContentDecorator->decorate('<div id="conten...')
#8 /Applications/XAMPP/xamppfiles/htdocs/anne-fashion.vn/framework/web/widgets/COutputProcessor.php(44): CContentDecorator->processOutput('<div id="conten...')
#9 /Applications/XAMPP/xamppfiles/htdocs/anne-fashion.vn/framework/web/CBaseController.php(206): COutputProcessor->run()
#10 /Applications/XAMPP/xamppfiles/htdocs/anne-fashion.vn/framework/web/CBaseController.php(300): CBaseController->endWidget('CContentDecorat...')
#11 /Applications/XAMPP/xamppfiles/htdocs/anne-fashion.vn/protected/views/layouts/column1.php(6): CBaseController->endContent()
#12 /Applications/XAMPP/xamppfiles/htdocs/anne-fashion.vn/framework/web/CBaseController.php(126): require('/Applications/X...')
#13 /Applications/XAMPP/xamppfiles/htdocs/anne-fashion.vn/framework/web/CBaseController.php(95): CBaseController->renderInternal('/Applications/X...', Array, true)
#14 /Applications/XAMPP/xamppfiles/htdocs/anne-fashion.vn/framework/web/CController.php(784): CBaseController->renderFile('/Applications/X...', Array, true)
#15 /Applications/XAMPP/xamppfiles/htdocs/anne-fashion.vn/protected/controllers/SiteController.php(32): CController->render('index')
#16 /Applications/XAMPP/xamppfiles/htdocs/anne-fashion.vn/framework/web/actions/CInlineAction.php(49): SiteController->actionIndex()
#17 /Applications/XAMPP/xamppfiles/htdocs/anne-fashion.vn/framework/web/CController.php(308): CInlineAction->runWithParams(Array)
#18 /Applications/XAMPP/xamppfiles/htdocs/anne-fashion.vn/framework/web/CController.php(286): CController->runAction(Object(CInlineAction))
#19 /Applications/XAMPP/xamppfiles/htdocs/anne-fashion.vn/framework/web/CController.php(265): CController->runActionWithFilters(Object(CInlineAction), Array)
#20 /Applications/XAMPP/xamppfiles/htdocs/anne-fashion.vn/framework/web/CWebApplication.php(282): CController->run('')
#21 /Applications/XAMPP/xamppfiles/htdocs/anne-fashion.vn/framework/web/CWebApplication.php(141): CWebApplication->runController('')
#22 /Applications/XAMPP/xamppfiles/htdocs/anne-fashion.vn/framework/base/CApplication.php(180): CWebApplication->processRequest()
#23 /Applications/XAMPP/xamppfiles/htdocs/anne-fashion.vn/index.php(13): CApplication->run()
#24 {main}
REQUEST_URI=/anne-fashion.vn/
---
2014/01/07 18:11:30 [error] [exception.CException] exception 'CException' with message 'Alias "bootstrap.components.Bootstrap" is invalid. Make sure it points to an existing PHP file and the file is readable.' in /Applications/XAMPP/xamppfiles/htdocs/anne-fashion.vn/framework/YiiBase.php:322
Stack trace:
#0 /Applications/XAMPP/xamppfiles/htdocs/anne-fashion.vn/framework/YiiBase.php(196): YiiBase::import('bootstrap.compo...', true)
#1 /Applications/XAMPP/xamppfiles/htdocs/anne-fashion.vn/framework/base/CModule.php(386): YiiBase::createComponent(Array)
#2 /Applications/XAMPP/xamppfiles/htdocs/anne-fashion.vn/framework/base/CModule.php(103): CModule->getComponent('bootstrap')
#3 /Applications/XAMPP/xamppfiles/htdocs/anne-fashion.vn/protected/views/layouts/main.php(8): CModule->__get('bootstrap')
#4 /Applications/XAMPP/xamppfiles/htdocs/anne-fashion.vn/framework/web/CBaseController.php(126): require('/Applications/X...')
#5 /Applications/XAMPP/xamppfiles/htdocs/anne-fashion.vn/framework/web/CBaseController.php(95): CBaseController->renderInternal('/Applications/X...', Array, true)
#6 /Applications/XAMPP/xamppfiles/htdocs/anne-fashion.vn/framework/web/widgets/CContentDecorator.php(76): CBaseController->renderFile('/Applications/X...', Array, true)
#7 /Applications/XAMPP/xamppfiles/htdocs/anne-fashion.vn/framework/web/widgets/CContentDecorator.php(54): CContentDecorator->decorate('<div id="conten...')
#8 /Applications/XAMPP/xamppfiles/htdocs/anne-fashion.vn/framework/web/widgets/COutputProcessor.php(44): CContentDecorator->processOutput('<div id="conten...')
#9 /Applications/XAMPP/xamppfiles/htdocs/anne-fashion.vn/framework/web/CBaseController.php(206): COutputProcessor->run()
#10 /Applications/XAMPP/xamppfiles/htdocs/anne-fashion.vn/framework/web/CBaseController.php(300): CBaseController->endWidget('CContentDecorat...')
#11 /Applications/XAMPP/xamppfiles/htdocs/anne-fashion.vn/protected/views/layouts/column1.php(6): CBaseController->endContent()
#12 /Applications/XAMPP/xamppfiles/htdocs/anne-fashion.vn/framework/web/CBaseController.php(126): require('/Applications/X...')
#13 /Applications/XAMPP/xamppfiles/htdocs/anne-fashion.vn/framework/web/CBaseController.php(95): CBaseController->renderInternal('/Applications/X...', Array, true)
#14 /Applications/XAMPP/xamppfiles/htdocs/anne-fashion.vn/framework/web/CController.php(784): CBaseController->renderFile('/Applications/X...', Array, true)
#15 /Applications/XAMPP/xamppfiles/htdocs/anne-fashion.vn/protected/controllers/SiteController.php(32): CController->render('index')
#16 /Applications/XAMPP/xamppfiles/htdocs/anne-fashion.vn/framework/web/actions/CInlineAction.php(49): SiteController->actionIndex()
#17 /Applications/XAMPP/xamppfiles/htdocs/anne-fashion.vn/framework/web/CController.php(308): CInlineAction->runWithParams(Array)
#18 /Applications/XAMPP/xamppfiles/htdocs/anne-fashion.vn/framework/web/CController.php(286): CController->runAction(Object(CInlineAction))
#19 /Applications/XAMPP/xamppfiles/htdocs/anne-fashion.vn/framework/web/CController.php(265): CController->runActionWithFilters(Object(CInlineAction), Array)
#20 /Applications/XAMPP/xamppfiles/htdocs/anne-fashion.vn/framework/web/CWebApplication.php(282): CController->run('')
#21 /Applications/XAMPP/xamppfiles/htdocs/anne-fashion.vn/framework/web/CWebApplication.php(141): CWebApplication->runController('')
#22 /Applications/XAMPP/xamppfiles/htdocs/anne-fashion.vn/framework/base/CApplication.php(180): CWebApplication->processRequest()
#23 /Applications/XAMPP/xamppfiles/htdocs/anne-fashion.vn/index.php(13): CApplication->run()
#24 {main}
REQUEST_URI=/anne-fashion.vn/
---
2014/01/07 18:12:21 [error] [exception.CException] exception 'CException' with message 'Alias "bootstrap.components.Bootstrap" is invalid. Make sure it points to an existing PHP file and the file is readable.' in /Applications/XAMPP/xamppfiles/htdocs/anne-fashion.vn/framework/YiiBase.php:322
Stack trace:
#0 /Applications/XAMPP/xamppfiles/htdocs/anne-fashion.vn/framework/YiiBase.php(196): YiiBase::import('bootstrap.compo...', true)
#1 /Applications/XAMPP/xamppfiles/htdocs/anne-fashion.vn/framework/base/CModule.php(386): YiiBase::createComponent(Array)
#2 /Applications/XAMPP/xamppfiles/htdocs/anne-fashion.vn/framework/base/CModule.php(103): CModule->getComponent('bootstrap')
#3 /Applications/XAMPP/xamppfiles/htdocs/anne-fashion.vn/protected/views/layouts/main.php(8): CModule->__get('bootstrap')
#4 /Applications/XAMPP/xamppfiles/htdocs/anne-fashion.vn/framework/web/CBaseController.php(126): require('/Applications/X...')
#5 /Applications/XAMPP/xamppfiles/htdocs/anne-fashion.vn/framework/web/CBaseController.php(95): CBaseController->renderInternal('/Applications/X...', Array, true)
#6 /Applications/XAMPP/xamppfiles/htdocs/anne-fashion.vn/framework/web/widgets/CContentDecorator.php(76): CBaseController->renderFile('/Applications/X...', Array, true)
#7 /Applications/XAMPP/xamppfiles/htdocs/anne-fashion.vn/framework/web/widgets/CContentDecorator.php(54): CContentDecorator->decorate('<div id="conten...')
#8 /Applications/XAMPP/xamppfiles/htdocs/anne-fashion.vn/framework/web/widgets/COutputProcessor.php(44): CContentDecorator->processOutput('<div id="conten...')
#9 /Applications/XAMPP/xamppfiles/htdocs/anne-fashion.vn/framework/web/CBaseController.php(206): COutputProcessor->run()
#10 /Applications/XAMPP/xamppfiles/htdocs/anne-fashion.vn/framework/web/CBaseController.php(300): CBaseController->endWidget('CContentDecorat...')
#11 /Applications/XAMPP/xamppfiles/htdocs/anne-fashion.vn/protected/views/layouts/column1.php(6): CBaseController->endContent()
#12 /Applications/XAMPP/xamppfiles/htdocs/anne-fashion.vn/framework/web/CBaseController.php(126): require('/Applications/X...')
#13 /Applications/XAMPP/xamppfiles/htdocs/anne-fashion.vn/framework/web/CBaseController.php(95): CBaseController->renderInternal('/Applications/X...', Array, true)
#14 /Applications/XAMPP/xamppfiles/htdocs/anne-fashion.vn/framework/web/CController.php(784): CBaseController->renderFile('/Applications/X...', Array, true)
#15 /Applications/XAMPP/xamppfiles/htdocs/anne-fashion.vn/protected/controllers/SiteController.php(32): CController->render('index')
#16 /Applications/XAMPP/xamppfiles/htdocs/anne-fashion.vn/framework/web/actions/CInlineAction.php(49): SiteController->actionIndex()
#17 /Applications/XAMPP/xamppfiles/htdocs/anne-fashion.vn/framework/web/CController.php(308): CInlineAction->runWithParams(Array)
#18 /Applications/XAMPP/xamppfiles/htdocs/anne-fashion.vn/framework/web/CController.php(286): CController->runAction(Object(CInlineAction))
#19 /Applications/XAMPP/xamppfiles/htdocs/anne-fashion.vn/framework/web/CController.php(265): CController->runActionWithFilters(Object(CInlineAction), Array)
#20 /Applications/XAMPP/xamppfiles/htdocs/anne-fashion.vn/framework/web/CWebApplication.php(282): CController->run('')
#21 /Applications/XAMPP/xamppfiles/htdocs/anne-fashion.vn/framework/web/CWebApplication.php(141): CWebApplication->runController('')
#22 /Applications/XAMPP/xamppfiles/htdocs/anne-fashion.vn/framework/base/CApplication.php(180): CWebApplication->processRequest()
#23 /Applications/XAMPP/xamppfiles/htdocs/anne-fashion.vn/index.php(13): CApplication->run()
#24 {main}
REQUEST_URI=/anne-fashion.vn/
---
2014/01/07 18:12:24 [error] [exception.CException] exception 'CException' with message 'Alias "bootstrap.components.Bootstrap" is invalid. Make sure it points to an existing PHP file and the file is readable.' in /Applications/XAMPP/xamppfiles/htdocs/anne-fashion.vn/framework/YiiBase.php:322
Stack trace:
#0 /Applications/XAMPP/xamppfiles/htdocs/anne-fashion.vn/framework/YiiBase.php(196): YiiBase::import('bootstrap.compo...', true)
#1 /Applications/XAMPP/xamppfiles/htdocs/anne-fashion.vn/framework/base/CModule.php(386): YiiBase::createComponent(Array)
#2 /Applications/XAMPP/xamppfiles/htdocs/anne-fashion.vn/framework/base/CModule.php(103): CModule->getComponent('bootstrap')
#3 /Applications/XAMPP/xamppfiles/htdocs/anne-fashion.vn/protected/views/layouts/main.php(8): CModule->__get('bootstrap')
#4 /Applications/XAMPP/xamppfiles/htdocs/anne-fashion.vn/framework/web/CBaseController.php(126): require('/Applications/X...')
#5 /Applications/XAMPP/xamppfiles/htdocs/anne-fashion.vn/framework/web/CBaseController.php(95): CBaseController->renderInternal('/Applications/X...', Array, true)
#6 /Applications/XAMPP/xamppfiles/htdocs/anne-fashion.vn/framework/web/widgets/CContentDecorator.php(76): CBaseController->renderFile('/Applications/X...', Array, true)
#7 /Applications/XAMPP/xamppfiles/htdocs/anne-fashion.vn/framework/web/widgets/CContentDecorator.php(54): CContentDecorator->decorate('<div id="conten...')
#8 /Applications/XAMPP/xamppfiles/htdocs/anne-fashion.vn/framework/web/widgets/COutputProcessor.php(44): CContentDecorator->processOutput('<div id="conten...')
#9 /Applications/XAMPP/xamppfiles/htdocs/anne-fashion.vn/framework/web/CBaseController.php(206): COutputProcessor->run()
#10 /Applications/XAMPP/xamppfiles/htdocs/anne-fashion.vn/framework/web/CBaseController.php(300): CBaseController->endWidget('CContentDecorat...')
#11 /Applications/XAMPP/xamppfiles/htdocs/anne-fashion.vn/protected/views/layouts/column1.php(6): CBaseController->endContent()
#12 /Applications/XAMPP/xamppfiles/htdocs/anne-fashion.vn/framework/web/CBaseController.php(126): require('/Applications/X...')
#13 /Applications/XAMPP/xamppfiles/htdocs/anne-fashion.vn/framework/web/CBaseController.php(95): CBaseController->renderInternal('/Applications/X...', Array, true)
#14 /Applications/XAMPP/xamppfiles/htdocs/anne-fashion.vn/framework/web/CController.php(784): CBaseController->renderFile('/Applications/X...', Array, true)
#15 /Applications/XAMPP/xamppfiles/htdocs/anne-fashion.vn/protected/controllers/SiteController.php(32): CController->render('index')
#16 /Applications/XAMPP/xamppfiles/htdocs/anne-fashion.vn/framework/web/actions/CInlineAction.php(49): SiteController->actionIndex()
#17 /Applications/XAMPP/xamppfiles/htdocs/anne-fashion.vn/framework/web/CController.php(308): CInlineAction->runWithParams(Array)
#18 /Applications/XAMPP/xamppfiles/htdocs/anne-fashion.vn/framework/web/CController.php(286): CController->runAction(Object(CInlineAction))
#19 /Applications/XAMPP/xamppfiles/htdocs/anne-fashion.vn/framework/web/CController.php(265): CController->runActionWithFilters(Object(CInlineAction), Array)
#20 /Applications/XAMPP/xamppfiles/htdocs/anne-fashion.vn/framework/web/CWebApplication.php(282): CController->run('')
#21 /Applications/XAMPP/xamppfiles/htdocs/anne-fashion.vn/framework/web/CWebApplication.php(141): CWebApplication->runController('')
#22 /Applications/XAMPP/xamppfiles/htdocs/anne-fashion.vn/framework/base/CApplication.php(180): CWebApplication->processRequest()
#23 /Applications/XAMPP/xamppfiles/htdocs/anne-fashion.vn/index.php(13): CApplication->run()
#24 {main}
REQUEST_URI=/anne-fashion.vn/
---
2014/01/07 18:12:25 [error] [exception.CException] exception 'CException' with message 'Alias "bootstrap.components.Bootstrap" is invalid. Make sure it points to an existing PHP file and the file is readable.' in /Applications/XAMPP/xamppfiles/htdocs/anne-fashion.vn/framework/YiiBase.php:322
Stack trace:
#0 /Applications/XAMPP/xamppfiles/htdocs/anne-fashion.vn/framework/YiiBase.php(196): YiiBase::import('bootstrap.compo...', true)
#1 /Applications/XAMPP/xamppfiles/htdocs/anne-fashion.vn/framework/base/CModule.php(386): YiiBase::createComponent(Array)
#2 /Applications/XAMPP/xamppfiles/htdocs/anne-fashion.vn/framework/base/CModule.php(103): CModule->getComponent('bootstrap')
#3 /Applications/XAMPP/xamppfiles/htdocs/anne-fashion.vn/protected/views/layouts/main.php(8): CModule->__get('bootstrap')
#4 /Applications/XAMPP/xamppfiles/htdocs/anne-fashion.vn/framework/web/CBaseController.php(126): require('/Applications/X...')
#5 /Applications/XAMPP/xamppfiles/htdocs/anne-fashion.vn/framework/web/CBaseController.php(95): CBaseController->renderInternal('/Applications/X...', Array, true)
#6 /Applications/XAMPP/xamppfiles/htdocs/anne-fashion.vn/framework/web/widgets/CContentDecorator.php(76): CBaseController->renderFile('/Applications/X...', Array, true)
#7 /Applications/XAMPP/xamppfiles/htdocs/anne-fashion.vn/framework/web/widgets/CContentDecorator.php(54): CContentDecorator->decorate('<div id="conten...')
#8 /Applications/XAMPP/xamppfiles/htdocs/anne-fashion.vn/framework/web/widgets/COutputProcessor.php(44): CContentDecorator->processOutput('<div id="conten...')
#9 /Applications/XAMPP/xamppfiles/htdocs/anne-fashion.vn/framework/web/CBaseController.php(206): COutputProcessor->run()
#10 /Applications/XAMPP/xamppfiles/htdocs/anne-fashion.vn/framework/web/CBaseController.php(300): CBaseController->endWidget('CContentDecorat...')
#11 /Applications/XAMPP/xamppfiles/htdocs/anne-fashion.vn/protected/views/layouts/column1.php(6): CBaseController->endContent()
#12 /Applications/XAMPP/xamppfiles/htdocs/anne-fashion.vn/framework/web/CBaseController.php(126): require('/Applications/X...')
#13 /Applications/XAMPP/xamppfiles/htdocs/anne-fashion.vn/framework/web/CBaseController.php(95): CBaseController->renderInternal('/Applications/X...', Array, true)
#14 /Applications/XAMPP/xamppfiles/htdocs/anne-fashion.vn/framework/web/CController.php(784): CBaseController->renderFile('/Applications/X...', Array, true)
#15 /Applications/XAMPP/xamppfiles/htdocs/anne-fashion.vn/protected/controllers/SiteController.php(32): CController->render('index')
#16 /Applications/XAMPP/xamppfiles/htdocs/anne-fashion.vn/framework/web/actions/CInlineAction.php(49): SiteController->actionIndex()
#17 /Applications/XAMPP/xamppfiles/htdocs/anne-fashion.vn/framework/web/CController.php(308): CInlineAction->runWithParams(Array)
#18 /Applications/XAMPP/xamppfiles/htdocs/anne-fashion.vn/framework/web/CController.php(286): CController->runAction(Object(CInlineAction))
#19 /Applications/XAMPP/xamppfiles/htdocs/anne-fashion.vn/framework/web/CController.php(265): CController->runActionWithFilters(Object(CInlineAction), Array)
#20 /Applications/XAMPP/xamppfiles/htdocs/anne-fashion.vn/framework/web/CWebApplication.php(282): CController->run('')
#21 /Applications/XAMPP/xamppfiles/htdocs/anne-fashion.vn/framework/web/CWebApplication.php(141): CWebApplication->runController('')
#22 /Applications/XAMPP/xamppfiles/htdocs/anne-fashion.vn/framework/base/CApplication.php(180): CWebApplication->processRequest()
#23 /Applications/XAMPP/xamppfiles/htdocs/anne-fashion.vn/index.php(13): CApplication->run()
#24 {main}
REQUEST_URI=/anne-fashion.vn/
---
2014/01/07 18:18:50 [error] [exception.CException] exception 'CException' with message 'Alias "bootstrap.components.Bootstrap" is invalid. Make sure it points to an existing PHP file and the file is readable.' in /Applications/XAMPP/xamppfiles/htdocs/anne-fashion.vn/framework/YiiBase.php:322
Stack trace:
#0 /Applications/XAMPP/xamppfiles/htdocs/anne-fashion.vn/framework/YiiBase.php(196): YiiBase::import('bootstrap.compo...', true)
#1 /Applications/XAMPP/xamppfiles/htdocs/anne-fashion.vn/framework/base/CModule.php(386): YiiBase::createComponent(Array)
#2 /Applications/XAMPP/xamppfiles/htdocs/anne-fashion.vn/framework/base/CModule.php(103): CModule->getComponent('bootstrap')
#3 /Applications/XAMPP/xamppfiles/htdocs/anne-fashion.vn/protected/views/layouts/main.php(8): CModule->__get('bootstrap')
#4 /Applications/XAMPP/xamppfiles/htdocs/anne-fashion.vn/framework/web/CBaseController.php(126): require('/Applications/X...')
#5 /Applications/XAMPP/xamppfiles/htdocs/anne-fashion.vn/framework/web/CBaseController.php(95): CBaseController->renderInternal('/Applications/X...', Array, true)
#6 /Applications/XAMPP/xamppfiles/htdocs/anne-fashion.vn/framework/web/widgets/CContentDecorator.php(76): CBaseController->renderFile('/Applications/X...', Array, true)
#7 /Applications/XAMPP/xamppfiles/htdocs/anne-fashion.vn/framework/web/widgets/CContentDecorator.php(54): CContentDecorator->decorate('<div id="conten...')
#8 /Applications/XAMPP/xamppfiles/htdocs/anne-fashion.vn/framework/web/widgets/COutputProcessor.php(44): CContentDecorator->processOutput('<div id="conten...')
#9 /Applications/XAMPP/xamppfiles/htdocs/anne-fashion.vn/framework/web/CBaseController.php(206): COutputProcessor->run()
#10 /Applications/XAMPP/xamppfiles/htdocs/anne-fashion.vn/framework/web/CBaseController.php(300): CBaseController->endWidget('CContentDecorat...')
#11 /Applications/XAMPP/xamppfiles/htdocs/anne-fashion.vn/protected/views/layouts/column1.php(6): CBaseController->endContent()
#12 /Applications/XAMPP/xamppfiles/htdocs/anne-fashion.vn/framework/web/CBaseController.php(126): require('/Applications/X...')
#13 /Applications/XAMPP/xamppfiles/htdocs/anne-fashion.vn/framework/web/CBaseController.php(95): CBaseController->renderInternal('/Applications/X...', Array, true)
#14 /Applications/XAMPP/xamppfiles/htdocs/anne-fashion.vn/framework/web/CController.php(784): CBaseController->renderFile('/Applications/X...', Array, true)
#15 /Applications/XAMPP/xamppfiles/htdocs/anne-fashion.vn/protected/controllers/SiteController.php(32): CController->render('index')
#16 /Applications/XAMPP/xamppfiles/htdocs/anne-fashion.vn/framework/web/actions/CInlineAction.php(49): SiteController->actionIndex()
#17 /Applications/XAMPP/xamppfiles/htdocs/anne-fashion.vn/framework/web/CController.php(308): CInlineAction->runWithParams(Array)
#18 /Applications/XAMPP/xamppfiles/htdocs/anne-fashion.vn/framework/web/CController.php(286): CController->runAction(Object(CInlineAction))
#19 /Applications/XAMPP/xamppfiles/htdocs/anne-fashion.vn/framework/web/CController.php(265): CController->runActionWithFilters(Object(CInlineAction), Array)
#20 /Applications/XAMPP/xamppfiles/htdocs/anne-fashion.vn/framework/web/CWebApplication.php(282): CController->run('')
#21 /Applications/XAMPP/xamppfiles/htdocs/anne-fashion.vn/framework/web/CWebApplication.php(141): CWebApplication->runController('')
#22 /Applications/XAMPP/xamppfiles/htdocs/anne-fashion.vn/framework/base/CApplication.php(180): CWebApplication->processRequest()
#23 /Applications/XAMPP/xamppfiles/htdocs/anne-fashion.vn/index.php(13): CApplication->run()
#24 {main}
REQUEST_URI=/anne-fashion.vn/
---
2014/01/07 18:21:38 [error] [exception.CException] exception 'CException' with message 'Alias "bootstrap.components.Bootstrap" is invalid. Make sure it points to an existing PHP file and the file is readable.' in /Applications/XAMPP/xamppfiles/htdocs/anne-fashion.vn/framework/YiiBase.php:322
Stack trace:
#0 /Applications/XAMPP/xamppfiles/htdocs/anne-fashion.vn/framework/YiiBase.php(196): YiiBase::import('bootstrap.compo...', true)
#1 /Applications/XAMPP/xamppfiles/htdocs/anne-fashion.vn/framework/base/CModule.php(386): YiiBase::createComponent(Array)
#2 /Applications/XAMPP/xamppfiles/htdocs/anne-fashion.vn/framework/base/CModule.php(103): CModule->getComponent('bootstrap')
#3 /Applications/XAMPP/xamppfiles/htdocs/anne-fashion.vn/protected/views/layouts/main.php(8): CModule->__get('bootstrap')
#4 /Applications/XAMPP/xamppfiles/htdocs/anne-fashion.vn/framework/web/CBaseController.php(126): require('/Applications/X...')
#5 /Applications/XAMPP/xamppfiles/htdocs/anne-fashion.vn/framework/web/CBaseController.php(95): CBaseController->renderInternal('/Applications/X...', Array, true)
#6 /Applications/XAMPP/xamppfiles/htdocs/anne-fashion.vn/framework/web/widgets/CContentDecorator.php(76): CBaseController->renderFile('/Applications/X...', Array, true)
#7 /Applications/XAMPP/xamppfiles/htdocs/anne-fashion.vn/framework/web/widgets/CContentDecorator.php(54): CContentDecorator->decorate('<div id="conten...')
#8 /Applications/XAMPP/xamppfiles/htdocs/anne-fashion.vn/framework/web/widgets/COutputProcessor.php(44): CContentDecorator->processOutput('<div id="conten...')
#9 /Applications/XAMPP/xamppfiles/htdocs/anne-fashion.vn/framework/web/CBaseController.php(206): COutputProcessor->run()
#10 /Applications/XAMPP/xamppfiles/htdocs/anne-fashion.vn/framework/web/CBaseController.php(300): CBaseController->endWidget('CContentDecorat...')
#11 /Applications/XAMPP/xamppfiles/htdocs/anne-fashion.vn/protected/views/layouts/column1.php(6): CBaseController->endContent()
#12 /Applications/XAMPP/xamppfiles/htdocs/anne-fashion.vn/framework/web/CBaseController.php(126): require('/Applications/X...')
#13 /Applications/XAMPP/xamppfiles/htdocs/anne-fashion.vn/framework/web/CBaseController.php(95): CBaseController->renderInternal('/Applications/X...', Array, true)
#14 /Applications/XAMPP/xamppfiles/htdocs/anne-fashion.vn/framework/web/CController.php(784): CBaseController->renderFile('/Applications/X...', Array, true)
#15 /Applications/XAMPP/xamppfiles/htdocs/anne-fashion.vn/protected/controllers/SiteController.php(32): CController->render('index')
#16 /Applications/XAMPP/xamppfiles/htdocs/anne-fashion.vn/framework/web/actions/CInlineAction.php(49): SiteController->actionIndex()
#17 /Applications/XAMPP/xamppfiles/htdocs/anne-fashion.vn/framework/web/CController.php(308): CInlineAction->runWithParams(Array)
#18 /Applications/XAMPP/xamppfiles/htdocs/anne-fashion.vn/framework/web/CController.php(286): CController->runAction(Object(CInlineAction))
#19 /Applications/XAMPP/xamppfiles/htdocs/anne-fashion.vn/framework/web/CController.php(265): CController->runActionWithFilters(Object(CInlineAction), Array)
#20 /Applications/XAMPP/xamppfiles/htdocs/anne-fashion.vn/framework/web/CWebApplication.php(282): CController->run('')
#21 /Applications/XAMPP/xamppfiles/htdocs/anne-fashion.vn/framework/web/CWebApplication.php(141): CWebApplication->runController('')
#22 /Applications/XAMPP/xamppfiles/htdocs/anne-fashion.vn/framework/base/CApplication.php(180): CWebApplication->processRequest()
#23 /Applications/XAMPP/xamppfiles/htdocs/anne-fashion.vn/index.php(13): CApplication->run()
#24 {main}
REQUEST_URI=/anne-fashion.vn/
---
2014/01/07 18:23:54 [error] [exception.CException] exception 'CException' with message 'Alias "bootstrap.components.Bootstrap" is invalid. Make sure it points to an existing PHP file and the file is readable.' in /Applications/XAMPP/xamppfiles/htdocs/anne-fashion.vn/framework/YiiBase.php:322
Stack trace:
#0 /Applications/XAMPP/xamppfiles/htdocs/anne-fashion.vn/framework/YiiBase.php(196): YiiBase::import('bootstrap.compo...', true)
#1 /Applications/XAMPP/xamppfiles/htdocs/anne-fashion.vn/framework/base/CModule.php(386): YiiBase::createComponent(Array)
#2 /Applications/XAMPP/xamppfiles/htdocs/anne-fashion.vn/framework/base/CModule.php(103): CModule->getComponent('bootstrap')
#3 /Applications/XAMPP/xamppfiles/htdocs/anne-fashion.vn/protected/views/layouts/main.php(8): CModule->__get('bootstrap')
#4 /Applications/XAMPP/xamppfiles/htdocs/anne-fashion.vn/framework/web/CBaseController.php(126): require('/Applications/X...')
#5 /Applications/XAMPP/xamppfiles/htdocs/anne-fashion.vn/framework/web/CBaseController.php(95): CBaseController->renderInternal('/Applications/X...', Array, true)
#6 /Applications/XAMPP/xamppfiles/htdocs/anne-fashion.vn/framework/web/widgets/CContentDecorator.php(76): CBaseController->renderFile('/Applications/X...', Array, true)
#7 /Applications/XAMPP/xamppfiles/htdocs/anne-fashion.vn/framework/web/widgets/CContentDecorator.php(54): CContentDecorator->decorate('<div id="conten...')
#8 /Applications/XAMPP/xamppfiles/htdocs/anne-fashion.vn/framework/web/widgets/COutputProcessor.php(44): CContentDecorator->processOutput('<div id="conten...')
#9 /Applications/XAMPP/xamppfiles/htdocs/anne-fashion.vn/framework/web/CBaseController.php(206): COutputProcessor->run()
#10 /Applications/XAMPP/xamppfiles/htdocs/anne-fashion.vn/framework/web/CBaseController.php(300): CBaseController->endWidget('CContentDecorat...')
#11 /Applications/XAMPP/xamppfiles/htdocs/anne-fashion.vn/protected/views/layouts/column1.php(6): CBaseController->endContent()
#12 /Applications/XAMPP/xamppfiles/htdocs/anne-fashion.vn/framework/web/CBaseController.php(126): require('/Applications/X...')
#13 /Applications/XAMPP/xamppfiles/htdocs/anne-fashion.vn/framework/web/CBaseController.php(95): CBaseController->renderInternal('/Applications/X...', Array, true)
#14 /Applications/XAMPP/xamppfiles/htdocs/anne-fashion.vn/framework/web/CController.php(784): CBaseController->renderFile('/Applications/X...', Array, true)
#15 /Applications/XAMPP/xamppfiles/htdocs/anne-fashion.vn/protected/controllers/SiteController.php(32): CController->render('index')
#16 /Applications/XAMPP/xamppfiles/htdocs/anne-fashion.vn/framework/web/actions/CInlineAction.php(49): SiteController->actionIndex()
#17 /Applications/XAMPP/xamppfiles/htdocs/anne-fashion.vn/framework/web/CController.php(308): CInlineAction->runWithParams(Array)
#18 /Applications/XAMPP/xamppfiles/htdocs/anne-fashion.vn/framework/web/CController.php(286): CController->runAction(Object(CInlineAction))
#19 /Applications/XAMPP/xamppfiles/htdocs/anne-fashion.vn/framework/web/CController.php(265): CController->runActionWithFilters(Object(CInlineAction), Array)
#20 /Applications/XAMPP/xamppfiles/htdocs/anne-fashion.vn/framework/web/CWebApplication.php(282): CController->run('')
#21 /Applications/XAMPP/xamppfiles/htdocs/anne-fashion.vn/framework/web/CWebApplication.php(141): CWebApplication->runController('')
#22 /Applications/XAMPP/xamppfiles/htdocs/anne-fashion.vn/framework/base/CApplication.php(180): CWebApplication->processRequest()
#23 /Applications/XAMPP/xamppfiles/htdocs/anne-fashion.vn/index.php(13): CApplication->run()
#24 {main}
REQUEST_URI=/anne-fashion.vn/
---
2014/01/07 18:24:09 [error] [exception.CException] exception 'CException' with message 'Alias "bootstrap.components.Bootstrap" is invalid. Make sure it points to an existing PHP file and the file is readable.' in /Applications/XAMPP/xamppfiles/htdocs/anne-fashion.vn/framework/YiiBase.php:322
Stack trace:
#0 /Applications/XAMPP/xamppfiles/htdocs/anne-fashion.vn/framework/YiiBase.php(196): YiiBase::import('bootstrap.compo...', true)
#1 /Applications/XAMPP/xamppfiles/htdocs/anne-fashion.vn/framework/base/CModule.php(386): YiiBase::createComponent(Array)
#2 /Applications/XAMPP/xamppfiles/htdocs/anne-fashion.vn/framework/base/CModule.php(103): CModule->getComponent('bootstrap')
#3 /Applications/XAMPP/xamppfiles/htdocs/anne-fashion.vn/protected/views/layouts/main.php(8): CModule->__get('bootstrap')
#4 /Applications/XAMPP/xamppfiles/htdocs/anne-fashion.vn/framework/web/CBaseController.php(126): require('/Applications/X...')
#5 /Applications/XAMPP/xamppfiles/htdocs/anne-fashion.vn/framework/web/CBaseController.php(95): CBaseController->renderInternal('/Applications/X...', Array, true)
#6 /Applications/XAMPP/xamppfiles/htdocs/anne-fashion.vn/framework/web/widgets/CContentDecorator.php(76): CBaseController->renderFile('/Applications/X...', Array, true)
#7 /Applications/XAMPP/xamppfiles/htdocs/anne-fashion.vn/framework/web/widgets/CContentDecorator.php(54): CContentDecorator->decorate('<div id="conten...')
#8 /Applications/XAMPP/xamppfiles/htdocs/anne-fashion.vn/framework/web/widgets/COutputProcessor.php(44): CContentDecorator->processOutput('<div id="conten...')
#9 /Applications/XAMPP/xamppfiles/htdocs/anne-fashion.vn/framework/web/CBaseController.php(206): COutputProcessor->run()
#10 /Applications/XAMPP/xamppfiles/htdocs/anne-fashion.vn/framework/web/CBaseController.php(300): CBaseController->endWidget('CContentDecorat...')
#11 /Applications/XAMPP/xamppfiles/htdocs/anne-fashion.vn/protected/views/layouts/column1.php(6): CBaseController->endContent()
#12 /Applications/XAMPP/xamppfiles/htdocs/anne-fashion.vn/framework/web/CBaseController.php(126): require('/Applications/X...')
#13 /Applications/XAMPP/xamppfiles/htdocs/anne-fashion.vn/framework/web/CBaseController.php(95): CBaseController->renderInternal('/Applications/X...', Array, true)
#14 /Applications/XAMPP/xamppfiles/htdocs/anne-fashion.vn/framework/web/CController.php(784): CBaseController->renderFile('/Applications/X...', Array, true)
#15 /Applications/XAMPP/xamppfiles/htdocs/anne-fashion.vn/protected/controllers/SiteController.php(32): CController->render('index')
#16 /Applications/XAMPP/xamppfiles/htdocs/anne-fashion.vn/framework/web/actions/CInlineAction.php(49): SiteController->actionIndex()
#17 /Applications/XAMPP/xamppfiles/htdocs/anne-fashion.vn/framework/web/CController.php(308): CInlineAction->runWithParams(Array)
#18 /Applications/XAMPP/xamppfiles/htdocs/anne-fashion.vn/framework/web/CController.php(286): CController->runAction(Object(CInlineAction))
#19 /Applications/XAMPP/xamppfiles/htdocs/anne-fashion.vn/framework/web/CController.php(265): CController->runActionWithFilters(Object(CInlineAction), Array)
#20 /Applications/XAMPP/xamppfiles/htdocs/anne-fashion.vn/framework/web/CWebApplication.php(282): CController->run('')
#21 /Applications/XAMPP/xamppfiles/htdocs/anne-fashion.vn/framework/web/CWebApplication.php(141): CWebApplication->runController('')
#22 /Applications/XAMPP/xamppfiles/htdocs/anne-fashion.vn/framework/base/CApplication.php(180): CWebApplication->processRequest()
#23 /Applications/XAMPP/xamppfiles/htdocs/anne-fashion.vn/index.php(13): CApplication->run()
#24 {main}
REQUEST_URI=/anne-fashion.vn/
---
2014/01/07 18:24:11 [error] [exception.CException] exception 'CException' with message 'Alias "bootstrap.components.Bootstrap" is invalid. Make sure it points to an existing PHP file and the file is readable.' in /Applications/XAMPP/xamppfiles/htdocs/anne-fashion.vn/framework/YiiBase.php:322
Stack trace:
#0 /Applications/XAMPP/xamppfiles/htdocs/anne-fashion.vn/framework/YiiBase.php(196): YiiBase::import('bootstrap.compo...', true)
#1 /Applications/XAMPP/xamppfiles/htdocs/anne-fashion.vn/framework/base/CModule.php(386): YiiBase::createComponent(Array)
#2 /Applications/XAMPP/xamppfiles/htdocs/anne-fashion.vn/framework/base/CModule.php(103): CModule->getComponent('bootstrap')
#3 /Applications/XAMPP/xamppfiles/htdocs/anne-fashion.vn/protected/views/layouts/main.php(8): CModule->__get('bootstrap')
#4 /Applications/XAMPP/xamppfiles/htdocs/anne-fashion.vn/framework/web/CBaseController.php(126): require('/Applications/X...')
#5 /Applications/XAMPP/xamppfiles/htdocs/anne-fashion.vn/framework/web/CBaseController.php(95): CBaseController->renderInternal('/Applications/X...', Array, true)
#6 /Applications/XAMPP/xamppfiles/htdocs/anne-fashion.vn/framework/web/widgets/CContentDecorator.php(76): CBaseController->renderFile('/Applications/X...', Array, true)
#7 /Applications/XAMPP/xamppfiles/htdocs/anne-fashion.vn/framework/web/widgets/CContentDecorator.php(54): CContentDecorator->decorate('<div id="conten...')
#8 /Applications/XAMPP/xamppfiles/htdocs/anne-fashion.vn/framework/web/widgets/COutputProcessor.php(44): CContentDecorator->processOutput('<div id="conten...')
#9 /Applications/XAMPP/xamppfiles/htdocs/anne-fashion.vn/framework/web/CBaseController.php(206): COutputProcessor->run()
#10 /Applications/XAMPP/xamppfiles/htdocs/anne-fashion.vn/framework/web/CBaseController.php(300): CBaseController->endWidget('CContentDecorat...')
#11 /Applications/XAMPP/xamppfiles/htdocs/anne-fashion.vn/protected/views/layouts/column1.php(6): CBaseController->endContent()
#12 /Applications/XAMPP/xamppfiles/htdocs/anne-fashion.vn/framework/web/CBaseController.php(126): require('/Applications/X...')
#13 /Applications/XAMPP/xamppfiles/htdocs/anne-fashion.vn/framework/web/CBaseController.php(95): CBaseController->renderInternal('/Applications/X...', Array, true)
#14 /Applications/XAMPP/xamppfiles/htdocs/anne-fashion.vn/framework/web/CController.php(784): CBaseController->renderFile('/Applications/X...', Array, true)
#15 /Applications/XAMPP/xamppfiles/htdocs/anne-fashion.vn/protected/controllers/SiteController.php(32): CController->render('index')
#16 /Applications/XAMPP/xamppfiles/htdocs/anne-fashion.vn/framework/web/actions/CInlineAction.php(49): SiteController->actionIndex()
#17 /Applications/XAMPP/xamppfiles/htdocs/anne-fashion.vn/framework/web/CController.php(308): CInlineAction->runWithParams(Array)
#18 /Applications/XAMPP/xamppfiles/htdocs/anne-fashion.vn/framework/web/CController.php(286): CController->runAction(Object(CInlineAction))
#19 /Applications/XAMPP/xamppfiles/htdocs/anne-fashion.vn/framework/web/CController.php(265): CController->runActionWithFilters(Object(CInlineAction), Array)
#20 /Applications/XAMPP/xamppfiles/htdocs/anne-fashion.vn/framework/web/CWebApplication.php(282): CController->run('')
#21 /Applications/XAMPP/xamppfiles/htdocs/anne-fashion.vn/framework/web/CWebApplication.php(141): CWebApplication->runController('')
#22 /Applications/XAMPP/xamppfiles/htdocs/anne-fashion.vn/framework/base/CApplication.php(180): CWebApplication->processRequest()
#23 /Applications/XAMPP/xamppfiles/htdocs/anne-fashion.vn/index.php(13): CApplication->run()
#24 {main}
REQUEST_URI=/anne-fashion.vn/
---
2014/01/07 18:32:47 [error] [exception.CException] exception 'CException' with message 'Alias "bootstrap.components.Bootstrap" is invalid. Make sure it points to an existing PHP file and the file is readable.' in /Applications/XAMPP/xamppfiles/htdocs/anne-fashion.vn/framework/YiiBase.php:322
Stack trace:
#0 /Applications/XAMPP/xamppfiles/htdocs/anne-fashion.vn/framework/YiiBase.php(196): YiiBase::import('bootstrap.compo...', true)
#1 /Applications/XAMPP/xamppfiles/htdocs/anne-fashion.vn/framework/base/CModule.php(386): YiiBase::createComponent(Array)
#2 /Applications/XAMPP/xamppfiles/htdocs/anne-fashion.vn/framework/base/CModule.php(103): CModule->getComponent('bootstrap')
#3 /Applications/XAMPP/xamppfiles/htdocs/anne-fashion.vn/protected/views/layouts/main.php(8): CModule->__get('bootstrap')
#4 /Applications/XAMPP/xamppfiles/htdocs/anne-fashion.vn/framework/web/CBaseController.php(126): require('/Applications/X...')
#5 /Applications/XAMPP/xamppfiles/htdocs/anne-fashion.vn/framework/web/CBaseController.php(95): CBaseController->renderInternal('/Applications/X...', Array, true)
#6 /Applications/XAMPP/xamppfiles/htdocs/anne-fashion.vn/framework/web/widgets/CContentDecorator.php(76): CBaseController->renderFile('/Applications/X...', Array, true)
#7 /Applications/XAMPP/xamppfiles/htdocs/anne-fashion.vn/framework/web/widgets/CContentDecorator.php(54): CContentDecorator->decorate('<div id="conten...')
#8 /Applications/XAMPP/xamppfiles/htdocs/anne-fashion.vn/framework/web/widgets/COutputProcessor.php(44): CContentDecorator->processOutput('<div id="conten...')
#9 /Applications/XAMPP/xamppfiles/htdocs/anne-fashion.vn/framework/web/CBaseController.php(206): COutputProcessor->run()
#10 /Applications/XAMPP/xamppfiles/htdocs/anne-fashion.vn/framework/web/CBaseController.php(300): CBaseController->endWidget('CContentDecorat...')
#11 /Applications/XAMPP/xamppfiles/htdocs/anne-fashion.vn/protected/views/layouts/column1.php(6): CBaseController->endContent()
#12 /Applications/XAMPP/xamppfiles/htdocs/anne-fashion.vn/framework/web/CBaseController.php(126): require('/Applications/X...')
#13 /Applications/XAMPP/xamppfiles/htdocs/anne-fashion.vn/framework/web/CBaseController.php(95): CBaseController->renderInternal('/Applications/X...', Array, true)
#14 /Applications/XAMPP/xamppfiles/htdocs/anne-fashion.vn/framework/web/CController.php(784): CBaseController->renderFile('/Applications/X...', Array, true)
#15 /Applications/XAMPP/xamppfiles/htdocs/anne-fashion.vn/protected/controllers/SiteController.php(32): CController->render('index')
#16 /Applications/XAMPP/xamppfiles/htdocs/anne-fashion.vn/framework/web/actions/CInlineAction.php(49): SiteController->actionIndex()
#17 /Applications/XAMPP/xamppfiles/htdocs/anne-fashion.vn/framework/web/CController.php(308): CInlineAction->runWithParams(Array)
#18 /Applications/XAMPP/xamppfiles/htdocs/anne-fashion.vn/framework/web/CController.php(286): CController->runAction(Object(CInlineAction))
#19 /Applications/XAMPP/xamppfiles/htdocs/anne-fashion.vn/framework/web/CController.php(265): CController->runActionWithFilters(Object(CInlineAction), Array)
#20 /Applications/XAMPP/xamppfiles/htdocs/anne-fashion.vn/framework/web/CWebApplication.php(282): CController->run('')
#21 /Applications/XAMPP/xamppfiles/htdocs/anne-fashion.vn/framework/web/CWebApplication.php(141): CWebApplication->runController('')
#22 /Applications/XAMPP/xamppfiles/htdocs/anne-fashion.vn/framework/base/CApplication.php(180): CWebApplication->processRequest()
#23 /Applications/XAMPP/xamppfiles/htdocs/anne-fashion.vn/index.php(13): CApplication->run()
#24 {main}
REQUEST_URI=/anne-fashion.vn/
---
